<?xml version="1.0" encoding="UTF-8"?>
<!-- Generated by org.testng.reporters.JUnitReportReporter -->
<testsuite skipped="0" hostname="hp-PC" name="module2_ServiceAppointment.CreateNewServiceAppointment" tests="1" failures="0" timestamp="14 Feb 2021 06:48:31 GMT" time="62.976" errors="0">
  <testcase name="createNewServiceAppointment" time="62.976" classname="module2_ServiceAppointment.CreateNewServiceAppointment"/>
</testsuite> <!-- module2_ServiceAppointment.CreateNewServiceAppointment -->
