<?xml version="1.0" encoding="UTF-8"?>
<!-- Generated by org.testng.reporters.JUnitReportReporter -->
<testsuite skipped="0" hostname="hp-PC" name="module1_Opportunity_Module.CreateOpportunity" tests="2" failures="0" timestamp="2021-01-30T16:07:17 IST" time="198.801" errors="0">
  <testcase name="createOpportunity" time="102.675" classname="module1_Opportunity_Module.CreateOpportunity"/>
  <system-out/>
  <testcase name="createOpportunity" time="96.126" classname="module1_Opportunity_Module.CreateOpportunity"/>
  <system-out/>
</testsuite> <!-- module1_Opportunity_Module.CreateOpportunity -->
