<?xml version="1.0" encoding="UTF-8"?>
<!-- Generated by org.testng.reporters.JUnitReportReporter -->
<testsuite skipped="0" hostname="hp-PC" name="opportunityModuleTestNG.OpportunityModule" tests="10" failures="0" timestamp="2021-01-29T16:22:17 IST" time="975.375" errors="0">
  <testcase name="createOpportunity" time="93.978" classname="opportunityModuleTestNG.OpportunityModule"/>
  <system-out/>
  <testcase name="createOpportunity" time="74.500" classname="opportunityModuleTestNG.OpportunityModule"/>
  <system-out/>
  <testcase name="createOpportunityWithoutMandatoryFields" time="83.097" classname="opportunityModuleTestNG.OpportunityModule"/>
  <system-out/>
  <testcase name="createOpportunityWithoutMandatoryFields" time="12.639" classname="opportunityModuleTestNG.OpportunityModule"/>
  <system-out/>
  <testcase name="editOpportunity" time="224.540" classname="opportunityModuleTestNG.OpportunityModule"/>
  <system-out/>
  <testcase name="editOpportunity" time="59.369" classname="opportunityModuleTestNG.OpportunityModule"/>
  <system-out/>
  <testcase name="sortOpportunity" time="91.204" classname="opportunityModuleTestNG.OpportunityModule"/>
  <system-out/>
  <testcase name="sortOpportunity" time="169.094" classname="opportunityModuleTestNG.OpportunityModule"/>
  <system-out/>
  <testcase name="deleteOpportunity" time="149.688" classname="opportunityModuleTestNG.OpportunityModule"/>
  <system-out/>
  <testcase name="deleteOpportunity" time="17.266" classname="opportunityModuleTestNG.OpportunityModule"/>
  <system-out/>
</testsuite> <!-- opportunityModuleTestNG.OpportunityModule -->
