<?xml version="1.0" encoding="UTF-8"?>
<!-- Generated by org.testng.reporters.JUnitReportReporter -->
<testsuite skipped="0" hostname="hp-PC" name="module1_Opportunity_Module.EditOpportunity" tests="2" failures="0" timestamp="2021-01-30T16:59:36 IST" time="224.675" errors="0">
  <testcase name="editOpportunity" time="136.352" classname="module1_Opportunity_Module.EditOpportunity"/>
  <system-out/>
  <testcase name="editOpportunity" time="88.323" classname="module1_Opportunity_Module.EditOpportunity"/>
  <system-out/>
</testsuite> <!-- module1_Opportunity_Module.EditOpportunity -->
