<?xml version="1.0" encoding="UTF-8"?>
<!-- Generated by org.testng.reporters.JUnitReportReporter -->
<testsuite skipped="0" hostname="hp-PC" name="opportunityModuleTestNG.CreateOpportunity" tests="1" failures="0" timestamp="2021-01-09T09:25:13 IST" time="21.205" errors="0">
  <testcase name="createOpportunity" time="21.205" classname="opportunityModuleTestNG.CreateOpportunity"/>
  <system-out/>
</testsuite> <!-- opportunityModuleTestNG.CreateOpportunity -->
