<?xml version="1.0" encoding="UTF-8"?>
<!-- Generated by org.testng.reporters.JUnitReportReporter -->
<testsuite skipped="0" hostname="hp-PC" name="runnerForCampaign.RunnerForCampaign" tests="2" failures="0" timestamp="06 Feb 2021 12:16:02 GMT" time="148.398" errors="0">
  <testcase name="runScenario" time="67.907" classname="runnerForCampaign.RunnerForCampaign"/>
  <testcase name="runScenario" time="80.491" classname="runnerForCampaign.RunnerForCampaign"/>
</testsuite> <!-- runnerForCampaign.RunnerForCampaign -->
