<?xml version="1.0" encoding="UTF-8"?>
<!-- Generated by org.testng.reporters.JUnitReportReporter -->
<testsuite skipped="0" hostname="hp-PC" name="runnerForServiceAppointment.RunnerForServiceAppointment" tests="1" failures="0" timestamp="14 Feb 2021 11:43:53 GMT" time="66.997" errors="0">
  <testcase name="runScenario" time="66.997" classname="runnerForServiceAppointment.RunnerForServiceAppointment"/>
</testsuite> <!-- runnerForServiceAppointment.RunnerForServiceAppointment -->
