<?xml version="1.0" encoding="UTF-8"?>
<!-- Generated by org.testng.reporters.JUnitReportReporter -->
<testsuite skipped="0" hostname="hp-PC" name="assesment.Assesment01" tests="1" failures="0" timestamp="2021-01-19T13:13:32 IST" time="185.334" errors="0">
  <testcase name="test" time="185.334" classname="assesment.Assesment01"/>
  <system-out/>
</testsuite> <!-- assesment.Assesment01 -->
