<?xml version="1.0" encoding="UTF-8"?>
<!-- Generated by org.testng.reporters.JUnitReportReporter -->
<testsuite skipped="0" hostname="hp-PC" name="module1_Opportunity_Module.CreateOpportunityWithoutMandatoryFields" tests="2" failures="0" timestamp="31 Jan 2021 14:03:37 GMT" time="165.018" errors="0">
  <testcase name="createOpportunityWithoutMandatoryFields" time="77.687" classname="module1_Opportunity_Module.CreateOpportunityWithoutMandatoryFields"/>
  <testcase name="createOpportunityWithoutMandatoryFields" time="87.331" classname="module1_Opportunity_Module.CreateOpportunityWithoutMandatoryFields"/>
</testsuite> <!-- module1_Opportunity_Module.CreateOpportunityWithoutMandatoryFields -->
